Log started at 6/9/2022 1:40:13 PM (2022-06-09T17:40:13Z)
No config file at C:\Users\Mydoj\Documents\Unreal Engine\UnrealBuildTool\BuildConfiguration.xml
Configuration will be read from:
  C:\Users\Mydoj\AppData\Roaming\Unreal Engine\UnrealBuildTool\BuildConfiguration.xml
Log file: D:\Unreal\projects\BatteryGame\BatteryConnectionGame\BatteryConnectinGame\Saved\Logs\UnrealVersionSelector-2022.06.09-13.40.13.log

Note: Android toolchain NDK r21b recommended
Found Windows 10 SDK root at C:\Program Files (x86)\Windows Kits\10 (1)
Found Windows 10 SDK root at C:\Program Files (x86)\Windows Kits\10 (2)
Found Windows 10 SDK version 10.0.16299.0 at C:\Program Files (x86)\Windows Kits\10
Found Universal CRT version 10.0.16299.0 at C:\Program Files (x86)\Windows Kits\10
Win64 using Manual SDK 10.0.16299.0
Log file: C:\Users\Mydoj\AppData\Local\UnrealBuildTool\Log_GPF.txt

---   SDK INFO START   ---

Some Platforms were skipped due to invalid SDK setup: IOS, Android, Linux, LinuxArm64.
See the log file for detailed information

---   SDK INFO END   ---

Discovering modules, targets and source code for project...
Found Visual Studio installation: C:\Program Files (x86)\Microsoft Visual Studio\2019\Community (Product=Microsoft.VisualStudio.Product.Community, Version=16.4.29613.14)
Found Visual Studio toolchain: C:\Program Files (x86)\Microsoft Visual Studio\2019\Community\VC\Tools\MSVC\14.24.28314 (Family=14.24.28314, FamilyRank=1, Version=14.24.28314, Is64Bit=True, Preview=False, Architecture=x64, Error=True, Redist=C:\Program Files (x86)\Microsoft Visual Studio\2019\Community\VC\Redist\MSVC\14.24.28127)
Skipping D:\Unreal\UE_5.0\Engine\Intermediate\Build\BuildRules\UE5Rules.dll: File is installed
Skipping D:\Unreal\UE_5.0\Engine\Intermediate\Build\BuildRules\UE5ProgramRules.dll: File is installed
WARNING: Visual Studio 2019 is installed, but is missing the C++ toolchain. Please verify that the "MSVC v142 - VS 2019 C++ x64/x86 build tools (Latest)" component is selected in the Visual Studio 2019 installation options.
ERROR: UnrealBuildTool requires at minimum the MSVC 14.29.30133 toolchain. Please install a later toolchain from the Visual Studio installer.
BuildException: UnrealBuildTool requires at minimum the MSVC 14.29.30133 toolchain. Please install a later toolchain from the Visual Studio installer.
   at UnrealBuildTool.WindowsPlatform.SelectToolChain(IEnumerable`1 ToolChains, Func`2 Preference, WindowsArchitecture Architecture) in d:\build\++UE5\Sync\Engine\Source\Programs\UnrealBuildTool\Platform\Windows\UEBuildWindows.cs:line 1693
   at UnrealBuildTool.WindowsPlatform.TryGetToolChainDir(WindowsCompiler Compiler, String CompilerVersion, WindowsArchitecture Architecture, VersionNumber& OutToolChainVersion, DirectoryReference& OutToolChainDir, DirectoryReference& OutRedistDir) in d:\build\++UE5\Sync\Engine\Source\Programs\UnrealBuildTool\Platform\Windows\UEBuildWindows.cs:line 1715
   at UnrealBuildTool.VCEnvironmentParameters..ctor(WindowsCompiler Compiler, UnrealTargetPlatform Platform, WindowsArchitecture Architecture, String CompilerVersion, String WindowsSdkVersion, String SuppliedSdkDirectoryForVersion) in d:\build\++UE5\Sync\Engine\Source\Programs\UnrealBuildTool\Platform\Windows\VCEnvironment.cs:line 461
   at UnrealBuildTool.VCEnvironment.Create(WindowsCompiler Compiler, UnrealTargetPlatform Platform, WindowsArchitecture Architecture, String CompilerVersion, String WindowsSdkVersion, String SuppliedSdkDirectoryForVersion) in d:\build\++UE5\Sync\Engine\Source\Programs\UnrealBuildTool\Platform\Windows\VCEnvironment.cs:line 393
   at UnrealBuildTool.WindowsPlatform.CreateVCEnvironment(TargetRules Target) in d:\build\++UE5\Sync\Engine\Source\Programs\UnrealBuildTool\Platform\Windows\UEBuildWindows.cs:line 931
   at UnrealBuildTool.WindowsPlatform.ValidateTarget(TargetRules Target) in d:\build\++UE5\Sync\Engine\Source\Programs\UnrealBuildTool\Platform\Windows\UEBuildWindows.cs:line 1026
   at UnrealBuildTool.RulesAssembly.CreateTargetRulesInstance(String TypeName, TargetInfo TargetInfo) in d:\build\++UE5\Sync\Engine\Source\Programs\UnrealBuildTool\System\RulesAssembly.cs:line 668
   at UnrealBuildTool.RulesAssembly.CreateTargetRules(String TargetName, UnrealTargetPlatform Platform, UnrealTargetConfiguration Configuration, String Architecture, FileReference ProjectFile, CommandLineArguments Arguments) in d:\build\++UE5\Sync\Engine\Source\Programs\UnrealBuildTool\System\RulesAssembly.cs:line 723
   at UnrealBuildTool.ProjectFileGenerator.AddProjectsForAllTargets(PlatformProjectGeneratorCollection PlatformProjectGenerators, List`1 AllGames, List`1 AllTargetFiles, String[] Arguments, ProjectFile& EngineProject, List`1& GameProjects, Dictionary`2& ProgramProjects, Dictionary`2& RulesAssemblies) in d:\build\++UE5\Sync\Engine\Source\Programs\UnrealBuildTool\ProjectFiles\ProjectFileGenerator.cs:line 2386
   at UnrealBuildTool.ProjectFileGenerator.GenerateProjectFiles(PlatformProjectGeneratorCollection PlatformProjectGenerators, String[] Arguments) in d:\build\++UE5\Sync\Engine\Source\Programs\UnrealBuildTool\ProjectFiles\ProjectFileGenerator.cs:line 891
   at UnrealBuildTool.GenerateProjectFilesMode.Execute(CommandLineArguments Arguments) in d:\build\++UE5\Sync\Engine\Source\Programs\UnrealBuildTool\Modes\GenerateProjectFilesMode.cs:line 234
   at UnrealBuildTool.UnrealBuildTool.Main(String[] ArgumentsArray) in d:\build\++UE5\Sync\Engine\Source\Programs\UnrealBuildTool\UnrealBuildTool.cs:line 612
WriteFileIfChanged() wrote 0 changed files of 0 requested writes.
Timeline:

[ 0.000]
[ 0.000](+0.912) <unknown>
[ 0.912]
